<?xml version="1.0" encoding="UTF-8"?>
<!-- Generated by org.testng.reporters.JUnitReportReporter -->
<testsuite hostname="PisePC" failures="0" tests="4" name="org.iit.adminmodule.tests.MessageSendingDocTests" time="33.643" errors="0" timestamp="22 Sep 2020 22:38:09 GMT" skipped="0">
  <testcase classname="org.iit.adminmodule.tests.MessageSendingDocTests" name="sendMessageAsPatient" time="22.859"/>
  <testcase classname="org.iit.adminmodule.tests.MessageSendingDocTests" name="logoutPatient" time="0.378"/>
  <testcase classname="org.iit.adminmodule.tests.MessageSendingDocTests" name="validateMessageAsAdmin" time="9.299"/>
  <testcase classname="org.iit.adminmodule.tests.MessageSendingDocTests" name="closeURL" time="1.107"/>
</testsuite> <!-- org.iit.adminmodule.tests.MessageSendingDocTests -->
