<?xml version="1.0" encoding="UTF-8"?>
<!-- Generated by org.testng.reporters.JUnitReportReporter -->
<testsuite hostname="PisePC" failures="0" tests="3" name="org.iit.patientmodule.tests.ScheduleAppoinmentTests" time="18.310" errors="0" timestamp="13 Sep 2020 19:44:27 GMT" skipped="0">
  <testcase classname="org.iit.patientmodule.tests.ScheduleAppoinmentTests" name="loginMMP" time="9.621"/>
  <testcase classname="org.iit.patientmodule.tests.ScheduleAppoinmentTests" name="validateScheduleAppointment" time="7.943"/>
  <testcase classname="org.iit.patientmodule.tests.ScheduleAppoinmentTests" name="logout" time="0.746"/>
</testsuite> <!-- org.iit.patientmodule.tests.ScheduleAppoinmentTests -->
