<?xml version="1.0" encoding="UTF-8"?>
<!-- Generated by org.testng.reporters.JUnitReportReporter -->
<testsuite hostname="PisePC" failures="0" tests="3" name="org.iit.patientmodule.tests.ScheduleAppoinmentTests" time="19.185" errors="0" timestamp="06 Sep 2020 20:48:07 GMT" skipped="0">
  <testcase classname="org.iit.patientmodule.tests.ScheduleAppoinmentTests" name="loginMMP" time="9.939"/>
  <testcase classname="org.iit.patientmodule.tests.ScheduleAppoinmentTests" name="validateScheduleAppointment" time="8.226"/>
  <testcase classname="org.iit.patientmodule.tests.ScheduleAppoinmentTests" name="logout" time="1.020"/>
</testsuite> <!-- org.iit.patientmodule.tests.ScheduleAppoinmentTests -->
