<?xml version="1.0" encoding="UTF-8"?>
<!-- Generated by org.testng.reporters.JUnitReportReporter -->
<testsuite hostname="PisePC" failures="0" tests="1" name="org.iit.patientmodule.tests.EditProfileSingleEntryTests" time="23.599" errors="0" timestamp="06 Sep 2020 19:27:55 GMT" skipped="0">
  <testcase classname="org.iit.patientmodule.tests.EditProfileSingleEntryTests" name="validateUpdateProfile" time="23.599"/>
</testsuite> <!-- org.iit.patientmodule.tests.EditProfileSingleEntryTests -->
