<?xml version="1.0" encoding="UTF-8"?>
<!-- Generated by org.testng.reporters.JUnitReportReporter -->
<testsuite hostname="PisePC" failures="0" tests="3" name="org.iit.patientmodule.tests.EditPatientProfileSaveTests" time="23.824" errors="0" timestamp="06 Sep 2020 20:09:43 GMT" skipped="0">
  <testcase classname="org.iit.patientmodule.tests.EditPatientProfileSaveTests" name="loginMMP" time="9.567"/>
  <testcase classname="org.iit.patientmodule.tests.EditPatientProfileSaveTests" name="editProfileAndVerify" time="13.260"/>
  <testcase classname="org.iit.patientmodule.tests.EditPatientProfileSaveTests" name="logout" time="0.997"/>
</testsuite> <!-- org.iit.patientmodule.tests.EditPatientProfileSaveTests -->
