<?xml version="1.0" encoding="UTF-8"?>
<!-- Generated by org.testng.reporters.JUnitReportReporter -->
<testsuite hostname="PisePC" failures="0" tests="3" name="org.iit.patientmodule.tests.EditPatientProfileSaveTests" time="15.656" errors="0" timestamp="12 Sep 2020 01:27:00 GMT" skipped="0">
  <testcase classname="org.iit.patientmodule.tests.EditPatientProfileSaveTests" name="loginMMP" time="11.999"/>
  <testcase classname="org.iit.patientmodule.tests.EditPatientProfileSaveTests" name="editProfileAndVerify" time="2.651"/>
  <testcase classname="org.iit.patientmodule.tests.EditPatientProfileSaveTests" name="logout" time="1.006"/>
</testsuite> <!-- org.iit.patientmodule.tests.EditPatientProfileSaveTests -->
