<?xml version="1.0" encoding="UTF-8"?>
<!-- Generated by org.testng.reporters.JUnitReportReporter -->
<testsuite hostname="PisePC" failures="0" tests="1" name="org.iit.patientmodule.tests.EditProfileSingleEntryTests" time="24.277" errors="0" timestamp="12 Sep 2020 02:37:23 GMT" skipped="0">
  <testcase classname="org.iit.patientmodule.tests.EditProfileSingleEntryTests" name="validateUpdateProfile" time="24.277"/>
</testsuite> <!-- org.iit.patientmodule.tests.EditProfileSingleEntryTests -->
