<?xml version="1.0" encoding="UTF-8"?>
<!-- Generated by org.testng.reporters.JUnitReportReporter -->
<testsuite hostname="PisePC" failures="0" tests="4" name="org.iit.adminmodule.tests.MessageSendingDocTests" time="32.701" errors="0" timestamp="22 Sep 2020 01:04:14 GMT" skipped="0">
  <testcase classname="org.iit.adminmodule.tests.MessageSendingDocTests" name="sendMessageAsPatient" time="22.413"/>
  <testcase classname="org.iit.adminmodule.tests.MessageSendingDocTests" name="logoutPatient" time="0.463"/>
  <testcase classname="org.iit.adminmodule.tests.MessageSendingDocTests" name="validateMessageAsAdmin" time="8.823"/>
  <testcase classname="org.iit.adminmodule.tests.MessageSendingDocTests" name="closeURL" time="1.002"/>
</testsuite> <!-- org.iit.adminmodule.tests.MessageSendingDocTests -->
