<?xml version="1.0" encoding="UTF-8"?>
<!-- Generated by org.testng.reporters.JUnitReportReporter -->
<testsuite hostname="PisePC" failures="0" tests="3" name="org.iit.patientmodule.tests.EditPatientProfileSaveTests" time="18.652" errors="0" timestamp="10 Sep 2020 00:58:17 GMT" skipped="0">
  <testcase classname="org.iit.patientmodule.tests.EditPatientProfileSaveTests" name="loginMMP" time="10.454"/>
  <testcase classname="org.iit.patientmodule.tests.EditPatientProfileSaveTests" name="editProfileAndVerify" time="7.209"/>
  <testcase classname="org.iit.patientmodule.tests.EditPatientProfileSaveTests" name="logout" time="0.989"/>
</testsuite> <!-- org.iit.patientmodule.tests.EditPatientProfileSaveTests -->
