<?xml version="1.0" encoding="UTF-8"?>
<!-- Generated by org.testng.reporters.JUnitReportReporter -->
<testsuite hostname="PisePC" failures="0" tests="3" name="org.iit.patientmodule.tests.EditPatientProfileSaveTests" time="23.912" errors="0" timestamp="06 Sep 2020 14:55:28 GMT" skipped="0">
  <testcase classname="org.iit.patientmodule.tests.EditPatientProfileSaveTests" name="loginMMP" time="10.175"/>
  <testcase classname="org.iit.patientmodule.tests.EditPatientProfileSaveTests" name="editProfileAndVerify" time="13.429"/>
  <testcase classname="org.iit.patientmodule.tests.EditPatientProfileSaveTests" name="logout" time="0.308"/>
</testsuite> <!-- org.iit.patientmodule.tests.EditPatientProfileSaveTests -->
